<?xml version="1.0" encoding="UTF-8"?>
<testsuite xmlns:xsi="http://www.w3.org/2001/XMLSchema-instance" xsi:noNamespaceSchemaLocation="https://maven.apache.org/surefire/maven-surefire-plugin/xsd/surefire-test-report.xsd" name="com.tuimm.reactivefunction.controller.FooControllerTest" time="1.124" tests="1" errors="0" skipped="0" failures="0">
  <properties>
    <property name="sun.desktop" value="gnome"/>
    <property name="awt.toolkit" value="sun.awt.X11.XToolkit"/>
    <property name="java.specification.version" value="11"/>
    <property name="sun.cpu.isalist" value=""/>
    <property name="sun.jnu.encoding" value="UTF-8"/>
    <property name="java.class.path" value="/home/aegido/git/sample-projects/spring-cloud-function-kafka-sample/reactive-function/target/test-classes:/home/aegido/git/sample-projects/spring-cloud-function-kafka-sample/reactive-function/target/classes:/home/aegido/.m2/org/springframework/boot/spring-boot-starter-data-mongodb-reactive/2.7.0/spring-boot-starter-data-mongodb-reactive-2.7.0.jar:/home/aegido/.m2/io/projectreactor/reactor-core/3.4.18/reactor-core-3.4.18.jar:/home/aegido/.m2/org/reactivestreams/reactive-streams/1.0.3/reactive-streams-1.0.3.jar:/home/aegido/.m2/org/mongodb/mongodb-driver-reactivestreams/4.6.0/mongodb-driver-reactivestreams-4.6.0.jar:/home/aegido/.m2/org/mongodb/bson/4.6.0/bson-4.6.0.jar:/home/aegido/.m2/org/mongodb/mongodb-driver-core/4.6.0/mongodb-driver-core-4.6.0.jar:/home/aegido/.m2/org/mongodb/bson-record-codec/4.6.0/bson-record-codec-4.6.0.jar:/home/aegido/.m2/org/springframework/data/spring-data-mongodb/3.4.0/spring-data-mongodb-3.4.0.jar:/home/aegido/.m2/org/springframework/spring-tx/5.3.20/spring-tx-5.3.20.jar:/home/aegido/.m2/org/springframework/spring-context/5.3.20/spring-context-5.3.20.jar:/home/aegido/.m2/org/springframework/spring-aop/5.3.20/spring-aop-5.3.20.jar:/home/aegido/.m2/org/springframework/spring-beans/5.3.20/spring-beans-5.3.20.jar:/home/aegido/.m2/org/springframework/spring-expression/5.3.20/spring-expression-5.3.20.jar:/home/aegido/.m2/org/springframework/data/spring-data-commons/2.7.0/spring-data-commons-2.7.0.jar:/home/aegido/.m2/org/slf4j/slf4j-api/1.7.36/slf4j-api-1.7.36.jar:/home/aegido/.m2/org/springframework/boot/spring-boot-starter-webflux/2.7.0/spring-boot-starter-webflux-2.7.0.jar:/home/aegido/.m2/org/springframework/boot/spring-boot-starter-json/2.7.0/spring-boot-starter-json-2.7.0.jar:/home/aegido/.m2/com/fasterxml/jackson/core/jackson-databind/2.13.3/jackson-databind-2.13.3.jar:/home/aegido/.m2/com/fasterxml/jackson/core/jackson-annotations/2.13.3/jackson-annotations-2.13.3.jar:/home/aegido/.m2/com/fasterxml/jackson/datatype/jackson-datatype-jdk8/2.13.3/jackson-datatype-jdk8-2.13.3.jar:/home/aegido/.m2/com/fasterxml/jackson/datatype/jackson-datatype-jsr310/2.13.3/jackson-datatype-jsr310-2.13.3.jar:/home/aegido/.m2/com/fasterxml/jackson/module/jackson-module-parameter-names/2.13.3/jackson-module-parameter-names-2.13.3.jar:/home/aegido/.m2/org/springframework/boot/spring-boot-starter-reactor-netty/2.7.0/spring-boot-starter-reactor-netty-2.7.0.jar:/home/aegido/.m2/io/projectreactor/netty/reactor-netty-http/1.0.19/reactor-netty-http-1.0.19.jar:/home/aegido/.m2/io/netty/netty-codec-http/4.1.77.Final/netty-codec-http-4.1.77.Final.jar:/home/aegido/.m2/io/netty/netty-common/4.1.77.Final/netty-common-4.1.77.Final.jar:/home/aegido/.m2/io/netty/netty-buffer/4.1.77.Final/netty-buffer-4.1.77.Final.jar:/home/aegido/.m2/io/netty/netty-transport/4.1.77.Final/netty-transport-4.1.77.Final.jar:/home/aegido/.m2/io/netty/netty-codec/4.1.77.Final/netty-codec-4.1.77.Final.jar:/home/aegido/.m2/io/netty/netty-handler/4.1.77.Final/netty-handler-4.1.77.Final.jar:/home/aegido/.m2/io/netty/netty-codec-http2/4.1.77.Final/netty-codec-http2-4.1.77.Final.jar:/home/aegido/.m2/io/netty/netty-resolver-dns/4.1.77.Final/netty-resolver-dns-4.1.77.Final.jar:/home/aegido/.m2/io/netty/netty-resolver/4.1.77.Final/netty-resolver-4.1.77.Final.jar:/home/aegido/.m2/io/netty/netty-codec-dns/4.1.77.Final/netty-codec-dns-4.1.77.Final.jar:/home/aegido/.m2/io/netty/netty-resolver-dns-native-macos/4.1.77.Final/netty-resolver-dns-native-macos-4.1.77.Final-osx-x86_64.jar:/home/aegido/.m2/io/netty/netty-resolver-dns-classes-macos/4.1.77.Final/netty-resolver-dns-classes-macos-4.1.77.Final.jar:/home/aegido/.m2/io/netty/netty-transport-native-epoll/4.1.77.Final/netty-transport-native-epoll-4.1.77.Final-linux-x86_64.jar:/home/aegido/.m2/io/netty/netty-transport-native-unix-common/4.1.77.Final/netty-transport-native-unix-common-4.1.77.Final.jar:/home/aegido/.m2/io/netty/netty-transport-classes-epoll/4.1.77.Final/netty-transport-classes-epoll-4.1.77.Final.jar:/home/aegido/.m2/io/projectreactor/netty/reactor-netty-core/1.0.19/reactor-netty-core-1.0.19.jar:/home/aegido/.m2/io/netty/netty-handler-proxy/4.1.77.Final/netty-handler-proxy-4.1.77.Final.jar:/home/aegido/.m2/io/netty/netty-codec-socks/4.1.77.Final/netty-codec-socks-4.1.77.Final.jar:/home/aegido/.m2/org/springframework/spring-web/5.3.20/spring-web-5.3.20.jar:/home/aegido/.m2/org/springframework/spring-webflux/5.3.20/spring-webflux-5.3.20.jar:/home/aegido/.m2/org/springframework/boot/spring-boot-starter-log4j2/2.7.0/spring-boot-starter-log4j2-2.7.0.jar:/home/aegido/.m2/org/apache/logging/log4j/log4j-slf4j-impl/2.17.2/log4j-slf4j-impl-2.17.2.jar:/home/aegido/.m2/org/apache/logging/log4j/log4j-api/2.17.2/log4j-api-2.17.2.jar:/home/aegido/.m2/org/apache/logging/log4j/log4j-core/2.17.2/log4j-core-2.17.2.jar:/home/aegido/.m2/org/apache/logging/log4j/log4j-jul/2.17.2/log4j-jul-2.17.2.jar:/home/aegido/.m2/org/slf4j/jul-to-slf4j/1.7.36/jul-to-slf4j-1.7.36.jar:/home/aegido/.m2/org/springframework/boot/spring-boot-starter/2.7.0/spring-boot-starter-2.7.0.jar:/home/aegido/.m2/org/springframework/boot/spring-boot/2.7.0/spring-boot-2.7.0.jar:/home/aegido/.m2/org/springframework/boot/spring-boot-autoconfigure/2.7.0/spring-boot-autoconfigure-2.7.0.jar:/home/aegido/.m2/jakarta/annotation/jakarta.annotation-api/1.3.5/jakarta.annotation-api-1.3.5.jar:/home/aegido/.m2/org/springframework/spring-core/5.3.20/spring-core-5.3.20.jar:/home/aegido/.m2/org/springframework/spring-jcl/5.3.20/spring-jcl-5.3.20.jar:/home/aegido/.m2/org/yaml/snakeyaml/1.30/snakeyaml-1.30.jar:/home/aegido/.m2/org/springframework/cloud/spring-cloud-starter-stream-kafka/3.2.3/spring-cloud-starter-stream-kafka-3.2.3.jar:/home/aegido/.m2/org/springframework/cloud/spring-cloud-stream-binder-kafka/3.2.3/spring-cloud-stream-binder-kafka-3.2.3.jar:/home/aegido/.m2/org/springframework/cloud/spring-cloud-stream-binder-kafka-core/3.2.3/spring-cloud-stream-binder-kafka-core-3.2.3.jar:/home/aegido/.m2/org/springframework/integration/spring-integration-kafka/5.5.12/spring-integration-kafka-5.5.12.jar:/home/aegido/.m2/org/springframework/cloud/spring-cloud-stream/3.2.3/spring-cloud-stream-3.2.3.jar:/home/aegido/.m2/org/springframework/boot/spring-boot-starter-validation/2.7.0/spring-boot-starter-validation-2.7.0.jar:/home/aegido/.m2/org/apache/tomcat/embed/tomcat-embed-el/9.0.63/tomcat-embed-el-9.0.63.jar:/home/aegido/.m2/org/hibernate/validator/hibernate-validator/6.2.3.Final/hibernate-validator-6.2.3.Final.jar:/home/aegido/.m2/org/jboss/logging/jboss-logging/3.4.3.Final/jboss-logging-3.4.3.Final.jar:/home/aegido/.m2/com/fasterxml/classmate/1.5.1/classmate-1.5.1.jar:/home/aegido/.m2/org/springframework/spring-messaging/5.3.20/spring-messaging-5.3.20.jar:/home/aegido/.m2/org/springframework/integration/spring-integration-core/5.5.12/spring-integration-core-5.5.12.jar:/home/aegido/.m2/org/springframework/integration/spring-integration-jmx/5.5.12/spring-integration-jmx-5.5.12.jar:/home/aegido/.m2/org/springframework/retry/spring-retry/1.3.3/spring-retry-1.3.3.jar:/home/aegido/.m2/org/springframework/cloud/spring-cloud-function-context/3.2.4/spring-cloud-function-context-3.2.4.jar:/home/aegido/.m2/net/jodah/typetools/0.6.2/typetools-0.6.2.jar:/home/aegido/.m2/org/springframework/cloud/spring-cloud-function-core/3.2.4/spring-cloud-function-core-3.2.4.jar:/home/aegido/.m2/javax/annotation/javax.annotation-api/1.3.2/javax.annotation-api-1.3.2.jar:/home/aegido/.m2/org/apache/kafka/kafka-clients/3.1.1/kafka-clients-3.1.1.jar:/home/aegido/.m2/com/github/luben/zstd-jni/1.5.0-4/zstd-jni-1.5.0-4.jar:/home/aegido/.m2/org/lz4/lz4-java/1.8.0/lz4-java-1.8.0.jar:/home/aegido/.m2/org/xerial/snappy/snappy-java/1.1.8.4/snappy-java-1.1.8.4.jar:/home/aegido/.m2/org/springframework/kafka/spring-kafka/2.8.6/spring-kafka-2.8.6.jar:/home/aegido/.m2/com/google/code/findbugs/jsr305/3.0.2/jsr305-3.0.2.jar:/home/aegido/.m2/org/projectlombok/lombok/1.18.24/lombok-1.18.24.jar:/home/aegido/.m2/org/springframework/boot/spring-boot-starter-test/2.7.0/spring-boot-starter-test-2.7.0.jar:/home/aegido/.m2/org/springframework/boot/spring-boot-test/2.7.0/spring-boot-test-2.7.0.jar:/home/aegido/.m2/org/springframework/boot/spring-boot-test-autoconfigure/2.7.0/spring-boot-test-autoconfigure-2.7.0.jar:/home/aegido/.m2/com/jayway/jsonpath/json-path/2.7.0/json-path-2.7.0.jar:/home/aegido/.m2/net/minidev/json-smart/2.4.8/json-smart-2.4.8.jar:/home/aegido/.m2/net/minidev/accessors-smart/2.4.8/accessors-smart-2.4.8.jar:/home/aegido/.m2/org/ow2/asm/asm/9.1/asm-9.1.jar:/home/aegido/.m2/jakarta/xml/bind/jakarta.xml.bind-api/2.3.3/jakarta.xml.bind-api-2.3.3.jar:/home/aegido/.m2/jakarta/activation/jakarta.activation-api/1.2.2/jakarta.activation-api-1.2.2.jar:/home/aegido/.m2/org/assertj/assertj-core/3.22.0/assertj-core-3.22.0.jar:/home/aegido/.m2/org/hamcrest/hamcrest/2.2/hamcrest-2.2.jar:/home/aegido/.m2/org/junit/jupiter/junit-jupiter/5.8.2/junit-jupiter-5.8.2.jar:/home/aegido/.m2/org/junit/jupiter/junit-jupiter-api/5.8.2/junit-jupiter-api-5.8.2.jar:/home/aegido/.m2/org/opentest4j/opentest4j/1.2.0/opentest4j-1.2.0.jar:/home/aegido/.m2/org/junit/platform/junit-platform-commons/1.8.2/junit-platform-commons-1.8.2.jar:/home/aegido/.m2/org/apiguardian/apiguardian-api/1.1.2/apiguardian-api-1.1.2.jar:/home/aegido/.m2/org/junit/jupiter/junit-jupiter-params/5.8.2/junit-jupiter-params-5.8.2.jar:/home/aegido/.m2/org/junit/jupiter/junit-jupiter-engine/5.8.2/junit-jupiter-engine-5.8.2.jar:/home/aegido/.m2/org/junit/platform/junit-platform-engine/1.8.2/junit-platform-engine-1.8.2.jar:/home/aegido/.m2/org/mockito/mockito-core/4.5.1/mockito-core-4.5.1.jar:/home/aegido/.m2/net/bytebuddy/byte-buddy/1.12.10/byte-buddy-1.12.10.jar:/home/aegido/.m2/net/bytebuddy/byte-buddy-agent/1.12.10/byte-buddy-agent-1.12.10.jar:/home/aegido/.m2/org/objenesis/objenesis/3.2/objenesis-3.2.jar:/home/aegido/.m2/org/mockito/mockito-junit-jupiter/4.5.1/mockito-junit-jupiter-4.5.1.jar:/home/aegido/.m2/org/skyscreamer/jsonassert/1.5.0/jsonassert-1.5.0.jar:/home/aegido/.m2/com/vaadin/external/google/android-json/0.0.20131108.vaadin1/android-json-0.0.20131108.vaadin1.jar:/home/aegido/.m2/org/springframework/spring-test/5.3.20/spring-test-5.3.20.jar:/home/aegido/.m2/org/xmlunit/xmlunit-core/2.9.0/xmlunit-core-2.9.0.jar:/home/aegido/.m2/io/projectreactor/reactor-test/3.4.18/reactor-test-3.4.18.jar:/home/aegido/.m2/org/springdoc/springdoc-openapi-webflux-ui/1.6.8/springdoc-openapi-webflux-ui-1.6.8.jar:/home/aegido/.m2/org/springdoc/springdoc-openapi-webflux-core/1.6.8/springdoc-openapi-webflux-core-1.6.8.jar:/home/aegido/.m2/org/springdoc/springdoc-openapi-common/1.6.8/springdoc-openapi-common-1.6.8.jar:/home/aegido/.m2/io/swagger/core/v3/swagger-core/2.2.0/swagger-core-2.2.0.jar:/home/aegido/.m2/org/apache/commons/commons-lang3/3.12.0/commons-lang3-3.12.0.jar:/home/aegido/.m2/com/fasterxml/jackson/dataformat/jackson-dataformat-yaml/2.13.3/jackson-dataformat-yaml-2.13.3.jar:/home/aegido/.m2/io/swagger/core/v3/swagger-annotations/2.2.0/swagger-annotations-2.2.0.jar:/home/aegido/.m2/io/swagger/core/v3/swagger-models/2.2.0/swagger-models-2.2.0.jar:/home/aegido/.m2/jakarta/validation/jakarta.validation-api/2.0.2/jakarta.validation-api-2.0.2.jar:/home/aegido/.m2/org/webjars/swagger-ui/4.10.3/swagger-ui-4.10.3.jar:/home/aegido/.m2/org/webjars/webjars-locator-core/0.50/webjars-locator-core-0.50.jar:/home/aegido/.m2/com/fasterxml/jackson/core/jackson-core/2.13.3/jackson-core-2.13.3.jar:/home/aegido/.m2/io/github/classgraph/classgraph/4.8.143/classgraph-4.8.143.jar:"/>
    <property name="java.vm.vendor" value="Oracle Corporation"/>
    <property name="sun.arch.data.model" value="64"/>
    <property name="java.vendor.url" value="https://openjdk.java.net/"/>
    <property name="user.timezone" value=""/>
    <property name="java.vm.specification.version" value="11"/>
    <property name="os.name" value="Linux"/>
    <property name="sun.java.launcher" value="SUN_STANDARD"/>
    <property name="user.country" value="US"/>
    <property name="sun.boot.library.path" value="/usr/lib/jvm/java-11-oracle/lib"/>
    <property name="sun.java.command" value="/home/aegido/git/sample-projects/spring-cloud-function-kafka-sample/reactive-function/target/surefire/surefirebooter3954095358591923203.jar /home/aegido/git/sample-projects/spring-cloud-function-kafka-sample/reactive-function/target/surefire 2022-07-19T17-57-25_767-jvmRun1 surefire1122564207615329403tmp surefire_012061517364818094157tmp"/>
    <property name="jdk.debug" value="release"/>
    <property name="surefire.test.class.path" value="/home/aegido/git/sample-projects/spring-cloud-function-kafka-sample/reactive-function/target/test-classes:/home/aegido/git/sample-projects/spring-cloud-function-kafka-sample/reactive-function/target/classes:/home/aegido/.m2/org/springframework/boot/spring-boot-starter-data-mongodb-reactive/2.7.0/spring-boot-starter-data-mongodb-reactive-2.7.0.jar:/home/aegido/.m2/io/projectreactor/reactor-core/3.4.18/reactor-core-3.4.18.jar:/home/aegido/.m2/org/reactivestreams/reactive-streams/1.0.3/reactive-streams-1.0.3.jar:/home/aegido/.m2/org/mongodb/mongodb-driver-reactivestreams/4.6.0/mongodb-driver-reactivestreams-4.6.0.jar:/home/aegido/.m2/org/mongodb/bson/4.6.0/bson-4.6.0.jar:/home/aegido/.m2/org/mongodb/mongodb-driver-core/4.6.0/mongodb-driver-core-4.6.0.jar:/home/aegido/.m2/org/mongodb/bson-record-codec/4.6.0/bson-record-codec-4.6.0.jar:/home/aegido/.m2/org/springframework/data/spring-data-mongodb/3.4.0/spring-data-mongodb-3.4.0.jar:/home/aegido/.m2/org/springframework/spring-tx/5.3.20/spring-tx-5.3.20.jar:/home/aegido/.m2/org/springframework/spring-context/5.3.20/spring-context-5.3.20.jar:/home/aegido/.m2/org/springframework/spring-aop/5.3.20/spring-aop-5.3.20.jar:/home/aegido/.m2/org/springframework/spring-beans/5.3.20/spring-beans-5.3.20.jar:/home/aegido/.m2/org/springframework/spring-expression/5.3.20/spring-expression-5.3.20.jar:/home/aegido/.m2/org/springframework/data/spring-data-commons/2.7.0/spring-data-commons-2.7.0.jar:/home/aegido/.m2/org/slf4j/slf4j-api/1.7.36/slf4j-api-1.7.36.jar:/home/aegido/.m2/org/springframework/boot/spring-boot-starter-webflux/2.7.0/spring-boot-starter-webflux-2.7.0.jar:/home/aegido/.m2/org/springframework/boot/spring-boot-starter-json/2.7.0/spring-boot-starter-json-2.7.0.jar:/home/aegido/.m2/com/fasterxml/jackson/core/jackson-databind/2.13.3/jackson-databind-2.13.3.jar:/home/aegido/.m2/com/fasterxml/jackson/core/jackson-annotations/2.13.3/jackson-annotations-2.13.3.jar:/home/aegido/.m2/com/fasterxml/jackson/datatype/jackson-datatype-jdk8/2.13.3/jackson-datatype-jdk8-2.13.3.jar:/home/aegido/.m2/com/fasterxml/jackson/datatype/jackson-datatype-jsr310/2.13.3/jackson-datatype-jsr310-2.13.3.jar:/home/aegido/.m2/com/fasterxml/jackson/module/jackson-module-parameter-names/2.13.3/jackson-module-parameter-names-2.13.3.jar:/home/aegido/.m2/org/springframework/boot/spring-boot-starter-reactor-netty/2.7.0/spring-boot-starter-reactor-netty-2.7.0.jar:/home/aegido/.m2/io/projectreactor/netty/reactor-netty-http/1.0.19/reactor-netty-http-1.0.19.jar:/home/aegido/.m2/io/netty/netty-codec-http/4.1.77.Final/netty-codec-http-4.1.77.Final.jar:/home/aegido/.m2/io/netty/netty-common/4.1.77.Final/netty-common-4.1.77.Final.jar:/home/aegido/.m2/io/netty/netty-buffer/4.1.77.Final/netty-buffer-4.1.77.Final.jar:/home/aegido/.m2/io/netty/netty-transport/4.1.77.Final/netty-transport-4.1.77.Final.jar:/home/aegido/.m2/io/netty/netty-codec/4.1.77.Final/netty-codec-4.1.77.Final.jar:/home/aegido/.m2/io/netty/netty-handler/4.1.77.Final/netty-handler-4.1.77.Final.jar:/home/aegido/.m2/io/netty/netty-codec-http2/4.1.77.Final/netty-codec-http2-4.1.77.Final.jar:/home/aegido/.m2/io/netty/netty-resolver-dns/4.1.77.Final/netty-resolver-dns-4.1.77.Final.jar:/home/aegido/.m2/io/netty/netty-resolver/4.1.77.Final/netty-resolver-4.1.77.Final.jar:/home/aegido/.m2/io/netty/netty-codec-dns/4.1.77.Final/netty-codec-dns-4.1.77.Final.jar:/home/aegido/.m2/io/netty/netty-resolver-dns-native-macos/4.1.77.Final/netty-resolver-dns-native-macos-4.1.77.Final-osx-x86_64.jar:/home/aegido/.m2/io/netty/netty-resolver-dns-classes-macos/4.1.77.Final/netty-resolver-dns-classes-macos-4.1.77.Final.jar:/home/aegido/.m2/io/netty/netty-transport-native-epoll/4.1.77.Final/netty-transport-native-epoll-4.1.77.Final-linux-x86_64.jar:/home/aegido/.m2/io/netty/netty-transport-native-unix-common/4.1.77.Final/netty-transport-native-unix-common-4.1.77.Final.jar:/home/aegido/.m2/io/netty/netty-transport-classes-epoll/4.1.77.Final/netty-transport-classes-epoll-4.1.77.Final.jar:/home/aegido/.m2/io/projectreactor/netty/reactor-netty-core/1.0.19/reactor-netty-core-1.0.19.jar:/home/aegido/.m2/io/netty/netty-handler-proxy/4.1.77.Final/netty-handler-proxy-4.1.77.Final.jar:/home/aegido/.m2/io/netty/netty-codec-socks/4.1.77.Final/netty-codec-socks-4.1.77.Final.jar:/home/aegido/.m2/org/springframework/spring-web/5.3.20/spring-web-5.3.20.jar:/home/aegido/.m2/org/springframework/spring-webflux/5.3.20/spring-webflux-5.3.20.jar:/home/aegido/.m2/org/springframework/boot/spring-boot-starter-log4j2/2.7.0/spring-boot-starter-log4j2-2.7.0.jar:/home/aegido/.m2/org/apache/logging/log4j/log4j-slf4j-impl/2.17.2/log4j-slf4j-impl-2.17.2.jar:/home/aegido/.m2/org/apache/logging/log4j/log4j-api/2.17.2/log4j-api-2.17.2.jar:/home/aegido/.m2/org/apache/logging/log4j/log4j-core/2.17.2/log4j-core-2.17.2.jar:/home/aegido/.m2/org/apache/logging/log4j/log4j-jul/2.17.2/log4j-jul-2.17.2.jar:/home/aegido/.m2/org/slf4j/jul-to-slf4j/1.7.36/jul-to-slf4j-1.7.36.jar:/home/aegido/.m2/org/springframework/boot/spring-boot-starter/2.7.0/spring-boot-starter-2.7.0.jar:/home/aegido/.m2/org/springframework/boot/spring-boot/2.7.0/spring-boot-2.7.0.jar:/home/aegido/.m2/org/springframework/boot/spring-boot-autoconfigure/2.7.0/spring-boot-autoconfigure-2.7.0.jar:/home/aegido/.m2/jakarta/annotation/jakarta.annotation-api/1.3.5/jakarta.annotation-api-1.3.5.jar:/home/aegido/.m2/org/springframework/spring-core/5.3.20/spring-core-5.3.20.jar:/home/aegido/.m2/org/springframework/spring-jcl/5.3.20/spring-jcl-5.3.20.jar:/home/aegido/.m2/org/yaml/snakeyaml/1.30/snakeyaml-1.30.jar:/home/aegido/.m2/org/springframework/cloud/spring-cloud-starter-stream-kafka/3.2.3/spring-cloud-starter-stream-kafka-3.2.3.jar:/home/aegido/.m2/org/springframework/cloud/spring-cloud-stream-binder-kafka/3.2.3/spring-cloud-stream-binder-kafka-3.2.3.jar:/home/aegido/.m2/org/springframework/cloud/spring-cloud-stream-binder-kafka-core/3.2.3/spring-cloud-stream-binder-kafka-core-3.2.3.jar:/home/aegido/.m2/org/springframework/integration/spring-integration-kafka/5.5.12/spring-integration-kafka-5.5.12.jar:/home/aegido/.m2/org/springframework/cloud/spring-cloud-stream/3.2.3/spring-cloud-stream-3.2.3.jar:/home/aegido/.m2/org/springframework/boot/spring-boot-starter-validation/2.7.0/spring-boot-starter-validation-2.7.0.jar:/home/aegido/.m2/org/apache/tomcat/embed/tomcat-embed-el/9.0.63/tomcat-embed-el-9.0.63.jar:/home/aegido/.m2/org/hibernate/validator/hibernate-validator/6.2.3.Final/hibernate-validator-6.2.3.Final.jar:/home/aegido/.m2/org/jboss/logging/jboss-logging/3.4.3.Final/jboss-logging-3.4.3.Final.jar:/home/aegido/.m2/com/fasterxml/classmate/1.5.1/classmate-1.5.1.jar:/home/aegido/.m2/org/springframework/spring-messaging/5.3.20/spring-messaging-5.3.20.jar:/home/aegido/.m2/org/springframework/integration/spring-integration-core/5.5.12/spring-integration-core-5.5.12.jar:/home/aegido/.m2/org/springframework/integration/spring-integration-jmx/5.5.12/spring-integration-jmx-5.5.12.jar:/home/aegido/.m2/org/springframework/retry/spring-retry/1.3.3/spring-retry-1.3.3.jar:/home/aegido/.m2/org/springframework/cloud/spring-cloud-function-context/3.2.4/spring-cloud-function-context-3.2.4.jar:/home/aegido/.m2/net/jodah/typetools/0.6.2/typetools-0.6.2.jar:/home/aegido/.m2/org/springframework/cloud/spring-cloud-function-core/3.2.4/spring-cloud-function-core-3.2.4.jar:/home/aegido/.m2/javax/annotation/javax.annotation-api/1.3.2/javax.annotation-api-1.3.2.jar:/home/aegido/.m2/org/apache/kafka/kafka-clients/3.1.1/kafka-clients-3.1.1.jar:/home/aegido/.m2/com/github/luben/zstd-jni/1.5.0-4/zstd-jni-1.5.0-4.jar:/home/aegido/.m2/org/lz4/lz4-java/1.8.0/lz4-java-1.8.0.jar:/home/aegido/.m2/org/xerial/snappy/snappy-java/1.1.8.4/snappy-java-1.1.8.4.jar:/home/aegido/.m2/org/springframework/kafka/spring-kafka/2.8.6/spring-kafka-2.8.6.jar:/home/aegido/.m2/com/google/code/findbugs/jsr305/3.0.2/jsr305-3.0.2.jar:/home/aegido/.m2/org/projectlombok/lombok/1.18.24/lombok-1.18.24.jar:/home/aegido/.m2/org/springframework/boot/spring-boot-starter-test/2.7.0/spring-boot-starter-test-2.7.0.jar:/home/aegido/.m2/org/springframework/boot/spring-boot-test/2.7.0/spring-boot-test-2.7.0.jar:/home/aegido/.m2/org/springframework/boot/spring-boot-test-autoconfigure/2.7.0/spring-boot-test-autoconfigure-2.7.0.jar:/home/aegido/.m2/com/jayway/jsonpath/json-path/2.7.0/json-path-2.7.0.jar:/home/aegido/.m2/net/minidev/json-smart/2.4.8/json-smart-2.4.8.jar:/home/aegido/.m2/net/minidev/accessors-smart/2.4.8/accessors-smart-2.4.8.jar:/home/aegido/.m2/org/ow2/asm/asm/9.1/asm-9.1.jar:/home/aegido/.m2/jakarta/xml/bind/jakarta.xml.bind-api/2.3.3/jakarta.xml.bind-api-2.3.3.jar:/home/aegido/.m2/jakarta/activation/jakarta.activation-api/1.2.2/jakarta.activation-api-1.2.2.jar:/home/aegido/.m2/org/assertj/assertj-core/3.22.0/assertj-core-3.22.0.jar:/home/aegido/.m2/org/hamcrest/hamcrest/2.2/hamcrest-2.2.jar:/home/aegido/.m2/org/junit/jupiter/junit-jupiter/5.8.2/junit-jupiter-5.8.2.jar:/home/aegido/.m2/org/junit/jupiter/junit-jupiter-api/5.8.2/junit-jupiter-api-5.8.2.jar:/home/aegido/.m2/org/opentest4j/opentest4j/1.2.0/opentest4j-1.2.0.jar:/home/aegido/.m2/org/junit/platform/junit-platform-commons/1.8.2/junit-platform-commons-1.8.2.jar:/home/aegido/.m2/org/apiguardian/apiguardian-api/1.1.2/apiguardian-api-1.1.2.jar:/home/aegido/.m2/org/junit/jupiter/junit-jupiter-params/5.8.2/junit-jupiter-params-5.8.2.jar:/home/aegido/.m2/org/junit/jupiter/junit-jupiter-engine/5.8.2/junit-jupiter-engine-5.8.2.jar:/home/aegido/.m2/org/junit/platform/junit-platform-engine/1.8.2/junit-platform-engine-1.8.2.jar:/home/aegido/.m2/org/mockito/mockito-core/4.5.1/mockito-core-4.5.1.jar:/home/aegido/.m2/net/bytebuddy/byte-buddy/1.12.10/byte-buddy-1.12.10.jar:/home/aegido/.m2/net/bytebuddy/byte-buddy-agent/1.12.10/byte-buddy-agent-1.12.10.jar:/home/aegido/.m2/org/objenesis/objenesis/3.2/objenesis-3.2.jar:/home/aegido/.m2/org/mockito/mockito-junit-jupiter/4.5.1/mockito-junit-jupiter-4.5.1.jar:/home/aegido/.m2/org/skyscreamer/jsonassert/1.5.0/jsonassert-1.5.0.jar:/home/aegido/.m2/com/vaadin/external/google/android-json/0.0.20131108.vaadin1/android-json-0.0.20131108.vaadin1.jar:/home/aegido/.m2/org/springframework/spring-test/5.3.20/spring-test-5.3.20.jar:/home/aegido/.m2/org/xmlunit/xmlunit-core/2.9.0/xmlunit-core-2.9.0.jar:/home/aegido/.m2/io/projectreactor/reactor-test/3.4.18/reactor-test-3.4.18.jar:/home/aegido/.m2/org/springdoc/springdoc-openapi-webflux-ui/1.6.8/springdoc-openapi-webflux-ui-1.6.8.jar:/home/aegido/.m2/org/springdoc/springdoc-openapi-webflux-core/1.6.8/springdoc-openapi-webflux-core-1.6.8.jar:/home/aegido/.m2/org/springdoc/springdoc-openapi-common/1.6.8/springdoc-openapi-common-1.6.8.jar:/home/aegido/.m2/io/swagger/core/v3/swagger-core/2.2.0/swagger-core-2.2.0.jar:/home/aegido/.m2/org/apache/commons/commons-lang3/3.12.0/commons-lang3-3.12.0.jar:/home/aegido/.m2/com/fasterxml/jackson/dataformat/jackson-dataformat-yaml/2.13.3/jackson-dataformat-yaml-2.13.3.jar:/home/aegido/.m2/io/swagger/core/v3/swagger-annotations/2.2.0/swagger-annotations-2.2.0.jar:/home/aegido/.m2/io/swagger/core/v3/swagger-models/2.2.0/swagger-models-2.2.0.jar:/home/aegido/.m2/jakarta/validation/jakarta.validation-api/2.0.2/jakarta.validation-api-2.0.2.jar:/home/aegido/.m2/org/webjars/swagger-ui/4.10.3/swagger-ui-4.10.3.jar:/home/aegido/.m2/org/webjars/webjars-locator-core/0.50/webjars-locator-core-0.50.jar:/home/aegido/.m2/com/fasterxml/jackson/core/jackson-core/2.13.3/jackson-core-2.13.3.jar:/home/aegido/.m2/io/github/classgraph/classgraph/4.8.143/classgraph-4.8.143.jar:"/>
    <property name="sun.cpu.endian" value="little"/>
    <property name="user.home" value="/home/aegido"/>
    <property name="user.language" value="en"/>
    <property name="java.specification.vendor" value="Oracle Corporation"/>
    <property name="java.version.date" value="2021-01-19"/>
    <property name="java.home" value="/usr/lib/jvm/java-11-oracle"/>
    <property name="file.separator" value="/"/>
    <property name="basedir" value="/home/aegido/git/sample-projects/spring-cloud-function-kafka-sample/reactive-function"/>
    <property name="java.vm.compressedOopsMode" value="Zero based"/>
    <property name="line.separator" value="&#10;"/>
    <property name="java.specification.name" value="Java Platform API Specification"/>
    <property name="java.vm.specification.vendor" value="Oracle Corporation"/>
    <property name="java.awt.graphicsenv" value="sun.awt.X11GraphicsEnvironment"/>
    <property name="surefire.real.class.path" value="/home/aegido/git/sample-projects/spring-cloud-function-kafka-sample/reactive-function/target/surefire/surefirebooter3954095358591923203.jar"/>
    <property name="sun.management.compiler" value="HotSpot 64-Bit Tiered Compilers"/>
    <property name="java.runtime.version" value="11.0.10+8-LTS-162"/>
    <property name="user.name" value="aegido"/>
    <property name="path.separator" value=":"/>
    <property name="os.version" value="5.4.0-122-generic"/>
    <property name="java.runtime.name" value="Java(TM) SE Runtime Environment"/>
    <property name="file.encoding" value="UTF-8"/>
    <property name="java.vm.name" value="Java HotSpot(TM) 64-Bit Server VM"/>
    <property name="java.vendor.version" value="18.9"/>
    <property name="localRepository" value="/home/aegido/.m2"/>
    <property name="java.vendor.url.bug" value="https://bugreport.java.com/bugreport/"/>
    <property name="java.io.tmpdir" value="/tmp"/>
    <property name="java.version" value="11.0.10"/>
    <property name="user.dir" value="/home/aegido/git/sample-projects/spring-cloud-function-kafka-sample/reactive-function"/>
    <property name="os.arch" value="amd64"/>
    <property name="java.vm.specification.name" value="Java Virtual Machine Specification"/>
    <property name="java.awt.printerjob" value="sun.print.PSPrinterJob"/>
    <property name="sun.os.patch.level" value="unknown"/>
    <property name="java.library.path" value="/usr/java/packages/lib:/usr/lib64:/lib64:/lib:/usr/lib"/>
    <property name="java.vendor" value="Oracle Corporation"/>
    <property name="java.vm.info" value="mixed mode"/>
    <property name="java.vm.version" value="11.0.10+8-LTS-162"/>
    <property name="sun.io.unicode.encoding" value="UnicodeLittle"/>
    <property name="java.class.version" value="55.0"/>
  </properties>
  <testcase name="generateFoo" classname="com.tuimm.reactivefunction.controller.FooControllerTest" time="1.095"/>
</testsuite>